[2025-07-21 19:53:31] [INFO]: ✅ MongoDB connected successfully
[2025-07-21 19:53:31] [INFO]: 🌿 Growlify backend running on http://localhost:5000
[2025-07-21 20:03:01] [INFO]: ✅ MongoDB connected successfully
[2025-07-21 20:03:01] [INFO]: 🌿 Growlify backend running on http://localhost:5000
[2025-07-21 20:04:31] [INFO]: ✅ MongoDB connected successfully
[2025-07-21 20:04:31] [INFO]: 🌿 Growlify backend running on http://localhost:5000
[2025-07-21 20:07:33] [INFO]: ✅ MongoDB connected successfully
[2025-07-21 20:07:33] [INFO]: 🌿 Growlify backend running on http://localhost:5000
[2025-07-21 20:08:13] [INFO]: ✅ MongoDB connected successfully
[2025-07-21 20:08:13] [INFO]: 🌿 Growlify backend running on http://localhost:5000
[2025-07-21 20:09:00] [INFO]: [NODE-CRON] Running watering reminder job for location: Indoor
[2025-07-21 20:09:03] [INFO]: ✅ Email sent successfully to amaljesmas@gmail.com
[2025-07-21 20:09:03] [INFO]: [EMAIL SENT] to amaljesmas@gmail.com for dq
[2025-07-21 20:09:03] [WARN]: [SKIP] Missing user data for plant "wgwe" — userId: 68695128e997799b0054a76c
[2025-07-21 20:09:03] [WARN]: [SKIP] Missing user data for plant "wfe" — userId: 68695128e997799b0054a76c
[2025-07-21 20:09:05] [INFO]: ✅ Email sent successfully to dinnynavis@gmail.com
[2025-07-21 20:09:05] [INFO]: [EMAIL SENT] to dinnynavis@gmail.com for olu
[2025-07-21 20:12:10] [INFO]: ✅ MongoDB connected successfully
[2025-07-21 20:12:10] [INFO]: 🌿 Growlify backend running on http://localhost:5000
[2025-07-21 21:33:06] [INFO]: ✅ MongoDB connected successfully
[2025-07-21 21:33:06] [INFO]: 🌿 Growlify backend running on http://localhost:5000
[2025-07-21 21:34:00] [INFO]: [NODE-CRON] Running watering reminder at 18:09 (Indoor - Evening)
[2025-07-21 21:34:00] [INFO]: [NODE-CRON] Running watering reminder job for location: Indoor
[2025-07-21 21:34:03] [INFO]: ✅ Email sent successfully to amaljesmas@gmail.com
[2025-07-21 21:34:03] [INFO]: [EMAIL SENT] to amaljesmas@gmail.com for dq
[2025-07-21 21:34:03] [WARN]: [SKIP] Missing user data for plant "wgwe" — userId: 68695128e997799b0054a76c
[2025-07-21 21:34:03] [WARN]: [SKIP] Missing user data for plant "wfe" — userId: 68695128e997799b0054a76c
[2025-07-21 21:34:06] [INFO]: ✅ Email sent successfully to dinnynavis@gmail.com
[2025-07-21 21:34:06] [INFO]: [EMAIL SENT] to dinnynavis@gmail.com for olu
[2025-07-21 21:41:04] [INFO]: ✅ MongoDB connected successfully
[2025-07-21 21:41:04] [INFO]: 🌿 Growlify backend running on http://localhost:5000
[2025-07-21 21:41:04] [INFO]: MongoDB connected successfully
[2025-07-21 21:43:15] [INFO]: 📩 Contact email received from navis@gmail.com by wed
[2025-07-21 21:46:29] [INFO]: [GET PLANTS] Retrieved 1 plants for user 687e469b29e776d7c2e6e2e4
[2025-07-21 21:46:29] [INFO]: [GET PLANTS] Retrieved 1 plants for user 687e469b29e776d7c2e6e2e4
[2025-07-21 21:46:30] [INFO]: [GET PLANTS] Retrieved 1 plants for user 687e469b29e776d7c2e6e2e4
[2025-07-21 21:46:30] [INFO]: [GET PLANTS] Retrieved 1 plants for user 687e469b29e776d7c2e6e2e4
[2025-07-21 21:54:49] [INFO]: [GET PLANTS] Retrieved 1 plants for user 687e469b29e776d7c2e6e2e4
[2025-07-21 21:54:49] [INFO]: [GET PLANTS] Retrieved 1 plants for user 687e469b29e776d7c2e6e2e4
[2025-07-21 21:55:02] [INFO]: [GET PLANTS] Retrieved 1 plants for user 687e469b29e776d7c2e6e2e4
[2025-07-21 21:55:02] [INFO]: [GET PLANTS] Retrieved 1 plants for user 687e469b29e776d7c2e6e2e4
[2025-07-21 21:55:19] [INFO]: [GET PLANTS] Retrieved 1 plants for user 687e469b29e776d7c2e6e2e4
[2025-07-21 21:55:19] [INFO]: [GET PLANTS] Retrieved 1 plants for user 687e469b29e776d7c2e6e2e4
[2025-07-21 21:55:26] [INFO]: [GET PLANTS] Retrieved 1 plants for user 687e469b29e776d7c2e6e2e4
[2025-07-21 21:55:26] [INFO]: [GET PLANTS] Retrieved 1 plants for user 687e469b29e776d7c2e6e2e4
[2025-07-21 21:55:28] [INFO]: [GET PLANTS] Retrieved 1 plants for user 687e469b29e776d7c2e6e2e4
[2025-07-21 21:55:28] [INFO]: [GET PLANTS] Retrieved 1 plants for user 687e469b29e776d7c2e6e2e4
[2025-07-21 21:59:05] [INFO]: ✅ Email sent successfully to dinnynavis@gmail.com
[2025-07-21 21:59:05] [INFO]: [RESET OTP] Sent password reset OTP to dinnynavis@gmail.com
[2025-07-21 21:59:42] [WARN]: [RESET PASSWORD] Weak password attempt by dinnynavis@gmail.com
[2025-07-21 22:00:00] [INFO]: [RESET PASSWORD] Password reset successful for dinnynavis@gmail.com
[2025-07-21 22:00:20] [INFO]: [LOGIN] User logged in: dinnynavis@gmail.com
[2025-07-21 22:03:51] [INFO]: [GET PLANTS] Retrieved 1 plants for user 687e469b29e776d7c2e6e2e4
[2025-07-21 22:03:51] [INFO]: [GET PLANTS] Retrieved 1 plants for user 687e469b29e776d7c2e6e2e4
[2025-07-21 22:06:13] [INFO]: [GET PLANTS] Retrieved 1 plants for user 687e469b29e776d7c2e6e2e4
[2025-07-21 22:06:13] [INFO]: [GET PLANTS] Retrieved 1 plants for user 687e469b29e776d7c2e6e2e4
[2025-07-21 22:10:01] [INFO]: [GET PLANTS] Retrieved 1 plants for user 687e469b29e776d7c2e6e2e4
[2025-07-21 22:10:01] [INFO]: [GET PLANTS] Retrieved 1 plants for user 687e469b29e776d7c2e6e2e4
[2025-07-21 22:10:39] [INFO]: [ADD PLANT] New plant added for user 687e469b29e776d7c2e6e2e4: 687e6d87afea407e4e4afcaa
[2025-07-21 22:10:39] [INFO]: [GET PLANTS] Retrieved 2 plants for user 687e469b29e776d7c2e6e2e4
[2025-07-21 22:19:43] [INFO]: [GET PLANTS] Retrieved 2 plants for user 687e469b29e776d7c2e6e2e4
[2025-07-21 22:19:43] [INFO]: [GET PLANTS] Retrieved 2 plants for user 687e469b29e776d7c2e6e2e4
[2025-07-21 22:23:38] [INFO]: [GET PLANTS] Retrieved 2 plants for user 687e469b29e776d7c2e6e2e4
[2025-07-21 22:23:38] [INFO]: [GET PLANTS] Retrieved 2 plants for user 687e469b29e776d7c2e6e2e4
[2025-07-21 22:23:40] [INFO]: [GET PLANTS] Retrieved 2 plants for user 687e469b29e776d7c2e6e2e4
[2025-07-21 22:23:40] [INFO]: [GET PLANTS] Retrieved 2 plants for user 687e469b29e776d7c2e6e2e4
[2025-07-21 22:23:47] [INFO]: [GET PLANTS] Retrieved 2 plants for user 687e469b29e776d7c2e6e2e4
[2025-07-21 22:23:47] [INFO]: [GET PLANTS] Retrieved 2 plants for user 687e469b29e776d7c2e6e2e4
[2025-07-21 22:24:08] [INFO]: [GET PLANTS] Retrieved 2 plants for user 687e469b29e776d7c2e6e2e4
[2025-07-21 22:24:08] [INFO]: [GET PLANTS] Retrieved 2 plants for user 687e469b29e776d7c2e6e2e4
[2025-07-21 22:29:27] [INFO]: [GET PLANTS] Retrieved 2 plants for user 687e469b29e776d7c2e6e2e4
[2025-07-21 22:29:27] [INFO]: [GET PLANTS] Retrieved 2 plants for user 687e469b29e776d7c2e6e2e4
[2025-07-21 22:29:56] [INFO]: [GET PLANTS] Retrieved 2 plants for user 687e469b29e776d7c2e6e2e4
[2025-07-21 22:30:04] [INFO]: [GET PLANTS] Retrieved 2 plants for user 687e469b29e776d7c2e6e2e4
[2025-07-21 22:31:02] [INFO]: [GET PLANTS] Retrieved 2 plants for user 687e469b29e776d7c2e6e2e4
[2025-07-21 22:32:57] [INFO]: [GET PLANTS] Retrieved 2 plants for user 687e469b29e776d7c2e6e2e4
[2025-07-21 22:33:09] [INFO]: [GET PLANTS] Retrieved 2 plants for user 687e469b29e776d7c2e6e2e4
[2025-07-21 22:33:12] [INFO]: [GET PLANTS] Retrieved 2 plants for user 687e469b29e776d7c2e6e2e4
[2025-07-21 22:33:12] [INFO]: [GET PLANTS] Retrieved 2 plants for user 687e469b29e776d7c2e6e2e4
[2025-07-21 22:33:30] [INFO]: [GET PLANTS] Retrieved 2 plants for user 687e469b29e776d7c2e6e2e4
[2025-07-21 22:35:29] [INFO]: [GET PLANTS] Retrieved 2 plants for user 687e469b29e776d7c2e6e2e4
[2025-07-21 22:35:42] [INFO]: [GET PLANTS] Retrieved 2 plants for user 687e469b29e776d7c2e6e2e4
[2025-07-21 22:35:54] [INFO]: [GET PLANTS] Retrieved 2 plants for user 687e469b29e776d7c2e6e2e4
[2025-07-21 22:36:16] [INFO]: [GET PLANTS] Retrieved 2 plants for user 687e469b29e776d7c2e6e2e4
[2025-07-21 22:37:47] [INFO]: [GET PLANTS] Retrieved 2 plants for user 687e469b29e776d7c2e6e2e4
[2025-07-21 22:37:48] [INFO]: [GET PLANTS] Retrieved 2 plants for user 687e469b29e776d7c2e6e2e4
[2025-07-21 22:38:01] [INFO]: [GET PLANTS] Retrieved 2 plants for user 687e469b29e776d7c2e6e2e4
[2025-07-22 19:41:39] [INFO]: ✅ MongoDB connected successfully
[2025-07-22 19:41:39] [INFO]: 🌿 Growlify backend running on http://localhost:5000
[2025-07-22 19:41:39] [INFO]: MongoDB connected successfully
[2025-07-22 19:49:01] [ERROR]: ❌ Email sending failed from denilahpauline@gmail.com: Invalid login: 535-5.7.8 Username and Password not accepted. For more information, go to
535 5.7.8  https://support.google.com/mail/?p=BadCredentials d9443c01a7336-23e3b611ff5sm77764595ad.75 - gsmtp
[2025-07-22 19:49:55] [INFO]: ✅ MongoDB connected successfully
[2025-07-22 19:49:55] [INFO]: 🌿 Growlify backend running on http://localhost:5000
[2025-07-22 19:49:55] [INFO]: MongoDB connected successfully
[2025-07-22 19:50:02] [INFO]: 📩 Contact email received from denilahpauline@gmail.com by Dinny
[2025-07-24 21:40:39] [INFO]: ✅ MongoDB connected successfully
[2025-07-24 21:40:39] [INFO]: 🌿 Growlify backend running on http://localhost:5000
[2025-07-24 21:40:39] [INFO]: MongoDB connected successfully
[2025-07-24 22:01:15] [INFO]: ✅ MongoDB connected successfully
[2025-07-24 22:01:15] [INFO]: 🌿 Growlify backend running on http://localhost:5000
[2025-07-24 22:01:15] [INFO]: MongoDB connected successfully
[2025-08-02 04:09:01] [INFO]: ✅ MongoDB connected successfully
[2025-08-02 04:09:01] [INFO]: 🌿 Growlify backend running on http://localhost:5000
[2025-08-02 04:09:01] [INFO]: MongoDB connected successfully
[2025-08-02 04:12:06] [INFO]: [GET PLANTS] Retrieved 0 plants for user 6888cc5e515e18168bf682c0
[2025-08-02 04:12:07] [INFO]: [GET PLANTS] Retrieved 0 plants for user 6888cc5e515e18168bf682c0
[2025-08-02 04:12:26] [INFO]: [GET PLANTS] Retrieved 0 plants for user 6888cc5e515e18168bf682c0
[2025-08-02 04:12:26] [INFO]: [GET PLANTS] Retrieved 0 plants for user 6888cc5e515e18168bf682c0
[2025-08-02 04:24:59] [INFO]: [GET PLANTS] Retrieved 0 plants for user 6888cc5e515e18168bf682c0
[2025-08-02 04:24:59] [INFO]: [GET PLANTS] Retrieved 0 plants for user 6888cc5e515e18168bf682c0
[2025-08-02 04:29:21] [INFO]: [GET PLANTS] Retrieved 0 plants for user 6888cc5e515e18168bf682c0
[2025-08-02 04:29:21] [INFO]: [GET PLANTS] Retrieved 0 plants for user 6888cc5e515e18168bf682c0
[2025-08-02 04:35:03] [INFO]: [GET PLANTS] Retrieved 0 plants for user 6888cc5e515e18168bf682c0
[2025-08-02 04:35:03] [INFO]: [GET PLANTS] Retrieved 0 plants for user 6888cc5e515e18168bf682c0
[2025-08-02 13:06:06] [INFO]: ✅ MongoDB connected successfully
[2025-08-02 13:06:06] [INFO]: 🌿 Growlify backend running on http://localhost:5000
[2025-08-02 13:06:06] [INFO]: MongoDB connected successfully
[2025-08-02 13:09:08] [INFO]: ✅ Email sent successfully to vijaykasthurik@gmail.com
[2025-08-02 13:09:08] [INFO]: [OTP] Sent signup OTP to vijaykasthurik@gmail.com
[2025-08-02 13:11:31] [INFO]: [SIGNUP] New user registered: vijaykasthurik@gmail.com
[2025-08-02 13:11:37] [INFO]: [LOGIN] User logged in: vijaykasthurik@gmail.com
[2025-08-02 13:11:48] [INFO]: [GET PLANTS] Retrieved 0 plants for user 688dc12bec9bbb3328d6dada
[2025-08-02 13:11:48] [INFO]: [GET PLANTS] Retrieved 0 plants for user 688dc12bec9bbb3328d6dada
[2025-08-02 13:12:12] [INFO]: [ADD PLANT] New plant added for user 688dc12bec9bbb3328d6dada: 688dc154ec9bbb3328d6dae2
[2025-08-02 13:12:13] [INFO]: [GET PLANTS] Retrieved 1 plants for user 688dc12bec9bbb3328d6dada
[2025-08-02 13:13:07] [INFO]: ✅ MongoDB connected successfully
[2025-08-02 13:13:07] [INFO]: 🌿 Growlify backend running on http://localhost:5000
[2025-08-02 13:13:07] [INFO]: MongoDB connected successfully
[2025-08-02 13:14:00] [INFO]: [NODE-CRON] Running watering reminder at 18:09 (Indoor - Evening)
[2025-08-02 13:14:00] [INFO]: [NODE-CRON] Running watering reminder job for location: Indoor
[2025-08-02 13:14:02] [INFO]: ✅ Email sent successfully to vijaykasthurik@gmail.com
[2025-08-02 13:14:02] [INFO]: [EMAIL SENT] to vijaykasthurik@gmail.com for Tomoto plant
[2025-08-02 13:17:31] [INFO]: [GET PLANTS] Retrieved 1 plants for user 688dc12bec9bbb3328d6dada
[2025-08-02 13:17:31] [INFO]: [GET PLANTS] Retrieved 1 plants for user 688dc12bec9bbb3328d6dada
[2025-08-02 13:17:33] [INFO]: [GET PLANTS] Retrieved 1 plants for user 688dc12bec9bbb3328d6dada
[2025-08-02 13:17:33] [INFO]: [GET PLANTS] Retrieved 1 plants for user 688dc12bec9bbb3328d6dada
[2025-08-08 04:12:42] [INFO]: ✅ MongoDB connected successfully
[2025-08-08 04:12:42] [INFO]: 🌿 Growlify backend running on http://localhost:5000
[2025-08-08 04:12:42] [INFO]: MongoDB connected successfully
[2025-08-08 04:15:27] [INFO]: [GET PLANTS] Retrieved 1 plants for user 688dc12bec9bbb3328d6dada
[2025-08-08 04:15:28] [INFO]: [GET PLANTS] Retrieved 1 plants for user 688dc12bec9bbb3328d6dada
[2025-08-08 04:15:59] [INFO]: [GET PLANTS] Retrieved 1 plants for user 688dc12bec9bbb3328d6dada
[2025-08-08 04:15:59] [INFO]: [GET PLANTS] Retrieved 1 plants for user 688dc12bec9bbb3328d6dada
[2025-08-08 13:26:02] [WARN]: [OTP] Attempt to generate OTP for existing user: vijaykasthurik@gmail.com
[2025-08-08 13:26:54] [INFO]: ✅ Email sent successfully to abaranaswararcse@psnacet.edu.in
[2025-08-08 13:26:54] [INFO]: [OTP] Sent signup OTP to abaranaswararcse@psnacet.edu.in
[2025-08-08 13:28:36] [INFO]: ✅ Email sent successfully to abarnaswararcse@psnacet.edu.in
[2025-08-08 13:28:36] [INFO]: [OTP] Sent signup OTP to abarnaswararcse@psnacet.edu.in
[2025-08-08 13:28:49] [INFO]: [SIGNUP] New user registered: abarnaswararcse@psnacet.edu.in
[2025-08-08 13:28:54] [INFO]: [LOGIN] User logged in: abarnaswararcse@psnacet.edu.in
[2025-08-08 13:29:00] [INFO]: [GET PLANTS] Retrieved 0 plants for user 6895ae39eb27e2bc0a37f3bd
[2025-08-08 13:29:00] [INFO]: [GET PLANTS] Retrieved 0 plants for user 6895ae39eb27e2bc0a37f3bd
[2025-08-08 13:29:31] [INFO]: [ADD PLANT] New plant added for user 6895ae39eb27e2bc0a37f3bd: 6895ae63eb27e2bc0a37f3c5
[2025-08-08 13:29:31] [INFO]: [GET PLANTS] Retrieved 1 plants for user 6895ae39eb27e2bc0a37f3bd
[2025-08-08 13:30:20] [INFO]: ✅ MongoDB connected successfully
[2025-08-08 13:30:20] [INFO]: 🌿 Growlify backend running on http://localhost:5000
[2025-08-08 13:30:20] [INFO]: MongoDB connected successfully
[2025-08-08 13:31:00] [INFO]: [NODE-CRON] Running watering reminder at 08:00 (Indoor)
[2025-08-08 13:31:00] [INFO]: [NODE-CRON] Running watering reminder job for location: Indoor
[2025-08-08 13:31:19] [INFO]: ✅ Email sent successfully to vijaykasthurik@gmail.com
[2025-08-08 13:31:19] [INFO]: [EMAIL SENT] to vijaykasthurik@gmail.com for Tomoto plant
[2025-08-08 13:32:32] [ERROR]: ❌ Failed to send email to abarnaswararcse@psnacet.edu.in: read ECONNRESET
[2025-08-08 13:32:32] [INFO]: [EMAIL SENT] to abarnaswararcse@psnacet.edu.in for Tomoto palnt
[2025-08-26 13:08:42] [INFO]: ✅ MongoDB connected successfully
[2025-08-26 13:08:42] [INFO]: 🌿 Growlify backend running on http://localhost:5000
[2025-08-26 13:08:42] [INFO]: MongoDB connected successfully
